unsolvable
unsolvable
ruurdlulddruurdllurrdd
unsolvable
urullddruurddlulurrdd
lddluurdrdluruldlurrdlldrr
ldrruldluruldrdrulurdd
unsolvable
dluruldrdlururdluldrdr
drurulddruldluurddlurrd
llurdldrulurrdlulddrr
unsolvable
lddrruulldrdluruldrrulddr
unsolvable
rulurdluldrrulddluurrdldr
unsolvable
rdlurulddrrulldruulddrr
ldrdluurdllurdldrruldr
urdrulddruldluurddluurrdlurdd
llurdrulddruuldldrrulldrurd
unsolvable
unsolvable
unsolvable
drrulddruldluruldrruldrd
unsolvable
unsolvable
unsolvable
rdlulddrrululdrdluruldrrd
unsolvable
unsolvable
unsolvable
rurulldrruldrdlurulldrurdd
unsolvable
urdldrulurdrdlluurrdlurdd
unsolvable
unsolvable
rdluurrdllurddruulddr
ululddrrulldrrulurdluldrdr
uuldrurddluuldrrd
rddluldrurdlluurdldrr
ddlluurdrdlluurddr
unsolvable
unsolvable
unsolvable
unsolvable
unsolvable
unsolvable
dlldrruulldrrdlurd
ldruurddluuldrrulddluurdrd
uurrdldluurrdllurddr
unsolvable
unsolvable
rdluurddlurdruldluurdrd
unsolvable
rdluruldrruldrdluurdd
unsolvable
ruldrdluurdruldlurdrd
unsolvable
rrulurdlulddruuldrdr
unsolvable
unsolvable
unsolvable
unsolvable
drulldrrulurdllurrdlldruurdd
rdllururdldruulldrruldrd
unsolvable
unsolvable
unsolvable
unsolvable
urdrulurdluldrurddlurd
unsolvable
unsolvable
unsolvable
unsolvable
llurddruulldrdrulurdd
rdrulldruuldrurdlulddrurd
ddlulurdldrulurrdlurddllurrd
dldrruuldlurdrdllurrd
rullurddluurddlururdd
lddrrulurddlulurdrdllurdr
unsolvable
lulurdruldlurddluurddr
ldrdllurrdllururddluuldrurdd
ldruullddruuldrrulldrrdlurd
ulldruulddrulurrdldr
unsolvable
ldlurdrdluldrruulddr
unsolvable
unsolvable
llddrurdluldrrululddrr
unsolvable
ulldrrululddruulddrruldr
uulddlurdruldluurdldrurd
lurddluulddruuldrruldrd
ruldrurdluurdlulddrurd
unsolvable
unsolvable
rrdlluurddlurrdllurrd
unsolvable
unsolvable
