unsolvable
unsolvable
ruurdlulddruurdllurrdd
unsolvable
urdlluurrdldrulldrurd
lddluurdrdluruldlurrdlldrr
druldluurdldrulurrdldr
unsolvable
dluurdlurrdldluruldrdr
rrulddruldluurdrdllurdr
llurdldrulurrdlulddrr
unsolvable
lddrruulldrdluruldrrulddr
unsolvable
ruuldrulldrrulddluurrdldr
unsolvable
rdlurulddrrulldruulddrr
ldrdluurdllurdldrruldr
drrululddruulddrurdlurulldrdr
ldrulldrulurrddluurddluldrr
unsolvable
unsolvable
unsolvable
drrulddruldluruldrruldrd
unsolvable
unsolvable
unsolvable
rdlulddrrululdrdluruldrrd
unsolvable
unsolvable
unsolvable
rurulldrruldrdlurulldrurdd
unsolvable
druuldrrulddlurrdlurulddr
unsolvable
unsolvable
rdluurrdllurddruulddr
ululddrrulldrruuldrulldrdr
uuldrurddluuldrrd
rddluldrurdlluurdldrr
ddlluurdrdlluurddr
unsolvable
unsolvable
unsolvable
unsolvable
unsolvable
unsolvable
dlldrruulldrdruldr
ldruurddluuldrrulddluurdrd
uurrdldluurrdllurddr
unsolvable
unsolvable
drrulldrulurdldrulurdrd
unsolvable
rdluruldrruldrdluurdd
unsolvable
ruldrdluurdruldlurdrd
unsolvable
rruuldrullddruuldrdr
unsolvable
unsolvable
unsolvable
unsolvable
ulddrrulurdlldrrullurrdlldrr
lurrddlulurrdllurrdlldrr
unsolvable
unsolvable
unsolvable
unsolvable
urdruuldrulldrurddlurd
unsolvable
unsolvable
unsolvable
unsolvable
dluruldldrruulddlurrd
rrulddrulldruurdllurdldrr
ldrullddruldrruulddruuldldrr
dldrruuldlurdrdllurrd
rullurddluurrdldlurrd
lddrrulurddlulurdrdllurdr
unsolvable
luuldrdluruldrrulldrdr
ldrdluldruurddlulurrdllurrdd
dluulddruuldrrulldrrdllurdr
ululdrdluurrdldlurdr
unsolvable
ldrdlulurdldrruulddr
unsolvable
unsolvable
llddrurdluldrrululddrr
unsolvable
ulldrrululddruulddrruldr
uulddlurdruldluurdldrurd
lurddluulddruuldrruldrd
urdlurrdluurdlulddrurd
unsolvable
unsolvable
rrdlluurddlurrdllurrd
unsolvable
unsolvable
